<?xml version="1.0" encoding="UTF-8"?>
<!-- Generated by org.testng.reporters.JUnitReportReporter -->
<testsuite skipped="0" hostname="asif-Lenovo-ideapad-310-15ISK" name="AssertAll.SecondOne" tests="3" failures="0" timestamp="2020-12-11T22:08:16 IST" time="70.033" errors="0">
  <testcase name="testCase2" time="32.680" classname="AssertAll.SecondOne"/>
  <system-out/>
  <testcase name="testCase1" time="16.957" classname="AssertAll.SecondOne"/>
  <system-out/>
  <testcase name="testCase3" time="20.396" classname="AssertAll.SecondOne"/>
  <system-out/>
</testsuite> <!-- AssertAll.SecondOne -->
